en_kind_neutral.set:trade=trade
en_kind_minus.delete:trade=trade
en_kind_neutral.set:exchang=exchange
en_kind_minus.delete:exchang=exchange
en_kind_minus.set:exchang=exchange
en_kind_minus.set:trade=trade
en_kind_minus.delete:exchang=exchange
en_kind_minus.delete:trade=trade
en_kind_minus.set:exchang=exchange
en_kind_minus.set:trade=trade
en_kind_neutral.delete:exchang=exchange
en_kind_neutral.delete:trade=trade
en_adjectives.set:plai=playing
en_adjectives.set:emergency =emergency!
en_adjectives.set:colour=colour
en_adjectives.set:good=good
en_adjectives.set:veri=very
en_low_idf.set:i=i
en_adjectives.set:town=town
en_adjectives.set:servic=service
en_adjectives.set:job=job
en_adjectives.delete:job=job
en_low_idf.set:will=will
en_adjectives.set:femal=female
en_low_idf.set:by=by
en_adjectives.set:few=few
en_adjectives.set:decent=decent
en_kind_plus.set:order=order
en_adjectives.set:pro=pro
en_low_idf.set:it=it
en_adjectives.set:addit=additional
en_adjectives.set:brand=brand
en_adjectives.set:professinon=professinonal
en_adjectives.delete:professinon=professinonal
en_adjectives.set:condit=condition
en_adjectives.set:wooden=wooden
en_adjectives.set:brand=brand
en_low_idf.set:all=all
en_adjectives.set:price=price
en_low_idf.set:la=la
en_forbidden_words.set:ass=ass
en_forbidden_words.delete:ass=ass
en_forbidden_words.set:shit=shit
en_forbidden_words.set:piss=piss
en_forbidden_words.set:ass=ass
en_forbidden_words.set:asshol=asshole
en_forbidden_words.set:damn=damn
en_forbidden_words.set:goddamn=goddamn
en_forbidden_words.set:crap=crap
en_forbidden_words.set:bullock=bullocks
en_forbidden_words.set:shag=shag
en_forbidden_words.set:cum=cum
en_forbidden_words.set:blowjob=blowjob
en_forbidden_words.set:fucker=fucker
en_forbidden_words.set:fuck=fuck
en_forbidden_words.set:cunt=cunt
en_forbidden_words.set:pussi=pussy
en_forbidden_words.set:vagina=vagina
en_forbidden_words.set:fanni=fanny
en_forbidden_words.set:cocksuck=cocksucker
en_forbidden_words.set:dick=dick
en_forbidden_words.set:cock=cock
en_forbidden_words.set:peni=penis
en_forbidden_words.set:motherfuck=motherfucker
en_forbidden_words.set:tit=tits
en_forbidden_words.set:boob=boobs
en_forbidden_words.set:wank=wank
en_forbidden_words.set:jerk=jerk
en_forbidden_words.set:kill=kill
en_forbidden_words.set:die=die
en_forbidden_words.set:pig=pig
en_forbidden_words.set:bomb=bomb
en_forbidden_words.set:bastard=bastard
en_forbidden_words.set:shithead=shithead
en_forbidden_words.set:dickhead=dickhead
en_forbidden_words.set:slut=slut
en_forbidden_words.set:whore=whore
en_forbidden_words.set:pimp=pimp
en_forbidden_words.set:prostitut=prostitute
en_forbidden_words.set:weed=weed
en_forbidden_words.set:alcohol=alcohol
en_forbidden_words.set:beer=beer
en_forbidden_words.set:wine=wine
en_forbidden_words.set:vodka=vodka
en_forbidden_words.set:whiski=whisky
en_forbidden_words.set:whiskei=whiskey
en_forbidden_words.set:chara=charas
en_forbidden_words.set:garda=garda
en_forbidden_words.set:prostitud=prostitude
en_forbidden_words.set:breast=breast
en_forbidden_words.set:cal=cal
en_forbidden_words.set:lulla=lulla
en_forbidden_words.set:pinu=pinus
en_forbidden_words.set:bachi=bachi
en_forbidden_words.set:sucker=suckers
en_forbidden_words.set:sxse=sxse
en_forbidden_words.set:fuddi=fuddi
en_forbidden_words.set:lola=lola
en_forbidden_words.set:chokri=chokri
en_forbidden_words.set:bobz=bobz
en_forbidden_words.set:bob=bobs
en_forbidden_words.set:tit6=tit6s
en_forbidden_words.set:6xy=6xy
en_forbidden_words.set:sixei=sixey
en_forbidden_words.set:hip=hip
en_forbidden_words.set:lund=lund
en_forbidden_words.set:kutai=kutay
en_forbidden_words.set:rape=rape
en_forbidden_words.set:gandu=gandu
en_forbidden_words.set:gasti=gasti
